0 info it worked if it ends with ok
1 verbose cli [ 'C:\\Program Files\\nodejs\\node.exe',
1 verbose cli   'C:\\Program Files\\nodejs\\node_modules\\npm\\bin\\npm-cli.js',
1 verbose cli   'start' ]
2 info using npm@3.10.10
3 info using node@v6.11.2
4 verbose run-script [ 'prestart', 'start', 'poststart' ]
5 info lifecycle canvas-designer@1.2.1~prestart: canvas-designer@1.2.1
6 silly lifecycle canvas-designer@1.2.1~prestart: no script for prestart, continuing
7 info lifecycle canvas-designer@1.2.1~start: canvas-designer@1.2.1
8 verbose lifecycle canvas-designer@1.2.1~start: unsafe-perm in lifecycle true
9 verbose lifecycle canvas-designer@1.2.1~start: PATH: C:\Program Files\nodejs\node_modules\npm\bin\node-gyp-bin;C:\Users\Phat Nguyen\Desktop\Source-code\Bang-Trang\node_modules\.bin;C:\ProgramData\Oracle\Java\javapath;C:\Windows\system32;C:\Windows;C:\Windows\System32\Wbem;C:\Windows\System32\WindowsPowerShell\v1.0\;C:\Program Files (x86)\NVIDIA Corporation\PhysX\Common;C:\Program Files\nodejs\;C:\Program Files\MySQL\MySQL Utilities 1.6\;C:\Program Files\Git\cmd;E:\Xampp\php;C:\composer;C:\Program Files (x86)\Skype\Phone\;C:\Go\bin;C:\Program Files\Microsoft SQL Server\110\DTS\Binn\;C:\Program Files (x86)\Microsoft SQL Server\110\Tools\Binn\;C:\Program Files\Microsoft SQL Server\110\Tools\Binn\;C:\Program Files (x86)\Microsoft SQL Server\110\Tools\Binn\ManagementStudio\;C:\Program Files (x86)\Microsoft Visual Studio 10.0\Common7\IDE\PrivateAssemblies\;C:\Program Files (x86)\Microsoft SQL Server\110\DTS\Binn\;C:\Users\Phat Nguyen\AppData\Local\Programs\Python\Python36-32\Scripts\;C:\Users\Phat Nguyen\AppData\Local\Programs\Python\Python36-32\;C:\Users\Phat Nguyen\AppData\Roaming\npm;C:\Users\Phat Nguyen\AppData\Roaming\Composer\vendor\bin;C:\Go\bin;C:\Program Files\Microsoft VS Code\bin
10 verbose lifecycle canvas-designer@1.2.1~start: CWD: C:\Users\Phat Nguyen\Desktop\Source-code\Bang-Trang
11 silly lifecycle canvas-designer@1.2.1~start: Args: [ '/d /s /c', 'node server.js' ]
12 silly lifecycle canvas-designer@1.2.1~start: Returned: code: 3221225786  signal: null
13 info lifecycle canvas-designer@1.2.1~start: Failed to exec start script
14 verbose stack Error: canvas-designer@1.2.1 start: `node server.js`
14 verbose stack Exit status 3221225786
14 verbose stack     at EventEmitter.<anonymous> (C:\Program Files\nodejs\node_modules\npm\lib\utils\lifecycle.js:255:16)
14 verbose stack     at emitTwo (events.js:106:13)
14 verbose stack     at EventEmitter.emit (events.js:191:7)
14 verbose stack     at ChildProcess.<anonymous> (C:\Program Files\nodejs\node_modules\npm\lib\utils\spawn.js:40:14)
14 verbose stack     at emitTwo (events.js:106:13)
14 verbose stack     at ChildProcess.emit (events.js:191:7)
14 verbose stack     at maybeClose (internal/child_process.js:891:16)
14 verbose stack     at Process.ChildProcess._handle.onexit (internal/child_process.js:226:5)
15 verbose pkgid canvas-designer@1.2.1
16 verbose cwd C:\Users\Phat Nguyen\Desktop\Source-code\Bang-Trang
17 error Windows_NT 6.3.9600
18 error argv "C:\\Program Files\\nodejs\\node.exe" "C:\\Program Files\\nodejs\\node_modules\\npm\\bin\\npm-cli.js" "start"
19 error node v6.11.2
20 error npm  v3.10.10
21 error code ELIFECYCLE
22 error canvas-designer@1.2.1 start: `node server.js`
22 error Exit status 3221225786
23 error Failed at the canvas-designer@1.2.1 start script 'node server.js'.
23 error Make sure you have the latest version of node.js and npm installed.
23 error If you do, this is most likely a problem with the canvas-designer package,
23 error not with npm itself.
23 error Tell the author that this fails on your system:
23 error     node server.js
23 error You can get information on how to open an issue for this project with:
23 error     npm bugs canvas-designer
23 error Or if that isn't available, you can get their info via:
23 error     npm owner ls canvas-designer
23 error There is likely additional logging output above.
24 verbose exit [ 1, true ]
